<?xml version="1.0" encoding="utf-8"?><testsuites name="pytest tests"><testsuite name="pytest" errors="0" failures="0" skipped="0" tests="87" time="4.706" timestamp="2026-09-11T07:28:16.519342+00:00" hostname="runnervmlun5p"><testcase classname="tests.test_authorization_search" name="test_history_and_recent" time="0.134" /><testcase classname="tests.test_authorization_search" name="test_user_scoped_budget" time="0.051" /><testcase classname="tests.test_authorization_search" name="test_departure_revokes_every_path" time="0.066" /><testcase classname="tests.test_authorization_search" name="test_disable_and_room_kind[disabled]" time="0.044" /><testcase classname="tests.test_authorization_search" name="test_disable_and_room_kind[unapproved]" time="0.048" /><testcase classname="tests.test_authorization_search" name="test_disable_and_room_kind[direct]" time="0.046" /><testcase classname="tests.test_authorization_search" name="test_disable_and_room_kind[my]" time="0.047" /><testcase classname="tests.test_authorization_search" name="test_no_stale_permission_fallback" time="0.103" /><testcase classname="tests.test_authorization_search" name="test_query_is_literal_not_sql[%' OR 1=1 --]" time="0.049" /><testcase classname="tests.test_authorization_search" name="test_query_is_literal_not_sql[%]" time="0.052" /><testcase classname="tests.test_authorization_search" name="test_query_is_literal_not_sql[_]" time="0.074" /><testcase classname="tests.test_authorization_search" name="test_query_is_literal_not_sql[\\]" time="0.048" /><testcase classname="tests.test_authorization_search" name="test_query_is_literal_not_sql[DROP TABLE messages]" time="0.052" /><testcase classname="tests.test_authorization_search" name="test_query_is_literal_not_sql['; SELECT * FROM users --]" time="0.051" /><testcase classname="tests.test_authorization_search" name="test_invalid_query[]" time="0.042" /><testcase classname="tests.test_authorization_search" name="test_invalid_query[ ]" time="0.043" /><testcase classname="tests.test_authorization_search" name="test_invalid_query[xxxxxxxxxxxxxxxxxxxxxxxxxxxxxxxxxxxxxxxxxxxxxxxxxxxxxxxxxxxxxxxxxxxxxxxxxxxxxxxxxxxxxxxxxxxxxxxxxxxxxxxxxxxxxxxxxxxxxxxxxxxxxxxxxxxxxxxxxxxxxxxxxxxxxxxxxxxxxxxxxxxxxxxxxxxxxxxxxxxxxxxxxxxxxxxxxxxxxxxxxxxxxxxxxxxxxxxxxxxxxxxxxxxxxxxxxxxxxxxxxxxxxxxxxxxxxxxxxxxxxxxxxxxxxxxxxxxxxxxxxxxxxxxxxxxxxxxxxxxxx]" time="0.042" /><testcase classname="tests.test_authorization_search" name="test_invalid_query[[info][/info]]" time="0.040" /><testcase classname="tests.test_authorization_search" name="test_normalized_and_query" time="0.054" /><testcase classname="tests.test_authorization_search" name="test_time_author_filter" time="0.045" /><testcase classname="tests.test_authorization_search" name="test_bad_time_filter[2023-01-01-None]" time="0.042" /><testcase classname="tests.test_authorization_search" name="test_bad_time_filter[200-100]" time="0.044" /><testcase classname="tests.test_authorization_search" name="test_bad_time_filter[garbage-None]" time="0.042" /><testcase classname="tests.test_authorization_search" name="test_period_is_paged_and_scope_bound" time="0.060" /><testcase classname="tests.test_authorization_search" name="test_context_does_not_cross_rooms" time="0.049" /><testcase classname="tests.test_authorization_search" name="test_audit_does_not_store_query_or_body" time="0.044" /><testcase classname="tests.test_authorization_search" name="test_demo_links_do_not_impersonate_chatwork" time="0.048" /><testcase classname="tests.test_authorization_search" name="test_semantic_must_be_explicit" time="0.043" /><testcase classname="tests.test_authorization_search" name="test_semantic_acl_and_index_idempotence" time="0.057" /><testcase classname="tests.test_authorization_search" name="test_unindexed_count_and_scope_limit" time="0.045" /><testcase classname="tests.test_authorization_search" name="test_bad_vector[a0-b0]" time="0.000" /><testcase classname="tests.test_authorization_search" name="test_bad_vector[a1-b1]" time="0.000" /><testcase classname="tests.test_authorization_search" name="test_bad_vector[a2-b2]" time="0.000" /><testcase classname="tests.test_http_mcp_auth" name="test_valid_gateway_token" time="0.027" /><testcase classname="tests.test_http_mcp_auth" name="test_gateway_rejects_invalid_identity[expired]" time="0.083" /><testcase classname="tests.test_http_mcp_auth" name="test_gateway_rejects_invalid_identity[audience]" time="0.034" /><testcase classname="tests.test_http_mcp_auth" name="test_gateway_rejects_invalid_identity[issuer]" time="0.024" /><testcase classname="tests.test_http_mcp_auth" name="test_gateway_rejects_invalid_identity[future]" time="0.021" /><testcase classname="tests.test_http_mcp_auth" name="test_gateway_rejects_invalid_identity[too_long]" time="0.051" /><testcase classname="tests.test_http_mcp_auth" name="test_gateway_rejects_invalid_identity[missing_sub]" time="0.045" /><testcase classname="tests.test_http_mcp_auth" name="test_gateway_rejects_invalid_identity[wrong_algorithm]" time="0.064" /><testcase classname="tests.test_http_mcp_auth" name="test_gateway_rejects_invalid_identity[cookie_only]" time="0.033" /><testcase classname="tests.test_http_mcp_auth" name="test_gateway_demo_endpoints_are_disabled" time="0.093" /><testcase classname="tests.test_http_mcp_auth" name="test_dataset_mode_cannot_change" time="0.045" /><testcase classname="tests.test_http_mcp_auth" name="test_cloud_run_rejects_demo" time="0.001" /><testcase classname="tests.test_http_mcp_auth" name="test_gateway_requires_auth_configuration" time="0.001" /><testcase classname="tests.test_http_mcp_auth" name="test_upstream_errors_are_sanitized[301]" time="0.001" /><testcase classname="tests.test_http_mcp_auth" name="test_upstream_errors_are_sanitized[401]" time="0.001" /><testcase classname="tests.test_http_mcp_auth" name="test_upstream_errors_are_sanitized[403]" time="0.001" /><testcase classname="tests.test_http_mcp_auth" name="test_upstream_errors_are_sanitized[429]" time="0.001" /><testcase classname="tests.test_http_mcp_auth" name="test_upstream_errors_are_sanitized[500]" time="0.001" /><testcase classname="tests.test_http_mcp_auth" name="test_upstream_errors_are_sanitized[503]" time="0.003" /><testcase classname="tests.test_http_mcp_auth" name="test_api_uses_fixed_host_and_force_one" time="0.001" /><testcase classname="tests.test_http_mcp_auth" name="test_credential_store_rejects_expired_or_wrong_account[False]" time="0.001" /><testcase classname="tests.test_http_mcp_auth" name="test_credential_store_rejects_expired_or_wrong_account[True]" time="0.001" /><testcase classname="tests.test_http_mcp_auth" name="test_http_auth_headers_and_no_spoofing" time="0.068" /><testcase classname="tests.test_http_mcp_auth" name="test_http_fetch_record_and_period_share_acl" time="0.178" /><testcase classname="tests.test_http_mcp_auth" name="test_body_limit_and_duplicate_auth" time="0.056" /><testcase classname="tests.test_http_mcp_auth" name="test_japanese_static_files" time="0.057" /><testcase classname="tests.test_http_mcp_auth" name="test_official_mcp_client_round_trip_and_revocation" time="0.150" /><testcase classname="tests.test_ingestion_sync" name="test_replay_is_idempotent" time="0.044" /><testcase classname="tests.test_ingestion_sync" name="test_dm_my_and_unapproved_never_imported" time="0.039" /><testcase classname="tests.test_ingestion_sync" name="test_snapshot_replaces_idless_and_wipes_old_body" time="0.049" /><testcase classname="tests.test_ingestion_sync" name="test_invalid_csv_is_atomic" time="0.040" /><testcase classname="tests.test_ingestion_sync" name="test_stale_export_is_rejected" time="0.047" /><testcase classname="tests.test_ingestion_sync" name="test_snapshot_must_be_complete" time="0.109" /><testcase classname="tests.test_ingestion_sync" name="test_ambiguous_same_second_posts_are_not_collapsed" time="0.049" /><testcase classname="tests.test_ingestion_sync" name="test_unambiguous_overlap_is_matched" time="0.049" /><testcase classname="tests.test_ingestion_sync" name="test_edit_clears_vector_old_message_does_not_overwrite" time="0.072" /><testcase classname="tests.test_ingestion_sync" name="test_explicit_delete_wipes_and_does_not_resurrect" time="0.053" /><testcase classname="tests.test_ingestion_sync" name="test_poll_overflow_is_visible_and_not_cleared_by_next_poll" time="0.105" /><testcase classname="tests.test_ingestion_sync" name="test_empty_poll_does_not_delete" time="0.043" /><testcase classname="tests.test_ingestion_sync" name="test_nonapproved_sync_is_denied[9001]" time="0.041" /><testcase classname="tests.test_ingestion_sync" name="test_nonapproved_sync_is_denied[9002]" time="0.039" /><testcase classname="tests.test_ingestion_sync" name="test_nonapproved_sync_is_denied[9003]" time="0.041" /><testcase classname="tests.test_ingestion_sync" name="test_nonapproved_sync_is_denied[999999]" time="0.039" /><testcase classname="tests.test_ingestion_sync" name="test_webhook_persists_before_processing_and_deduplicates" time="0.058" /><testcase classname="tests.test_ingestion_sync" name="test_webhook_wrong_signature_rejected" time="0.040" /><testcase classname="tests.test_ingestion_sync" name="test_webhook_out_of_order_keeps_newer" time="0.051" /><testcase classname="tests.test_ingestion_sync" name="test_later_approval_allows_same_file_import" time="0.047" /><testcase classname="tests.test_ingestion_sync" name="test_deleted_marker_is_explicit_not_guessed[False]" time="0.046" /><testcase classname="tests.test_ingestion_sync" name="test_deleted_marker_is_explicit_not_guessed[True]" time="0.047" /><testcase classname="tests.test_integration" name="test_existing_allowlist_is_checked_each_call" time="0.052" /><testcase classname="tests.test_integration" name="test_existing_allowlist_failure_is_closed" time="0.041" /><testcase classname="tests.test_integration" name="test_embedded_private_db_requires_no_dummy_credentials" time="0.113" /><testcase classname="tests.test_integration" name="test_demo_cannot_accept_external_webhook_even_with_token" time="0.052" /><testcase classname="tests.test_integration" name="test_embedded_authorizer_cannot_authenticate_http" time="0.001" /></testsuite></testsuites>